c:\users\halim\desktop\projects\flatengine\flateditor\x64\debug\vc142.pdb
c:\users\halim\desktop\projects\flatengine\flateditor\x64\debug\vc142.idb
c:\users\halim\desktop\projects\flatengine\flateditor\x64\debug\config.obj
c:\users\halim\desktop\projects\flatengine\flateditor\x64\debug\uiutils.obj
c:\users\halim\desktop\projects\flatengine\flateditor\x64\debug\viewportpanel.obj
c:\users\halim\desktop\projects\flatengine\flateditor\x64\debug\scenehpanel.obj
c:\users\halim\desktop\projects\flatengine\flateditor\x64\debug\panelsettings.obj
c:\users\halim\desktop\projects\flatengine\flateditor\x64\debug\contentpanel.obj
c:\users\halim\desktop\projects\flatengine\flateditor\x64\debug\consolepanel.obj
c:\users\halim\desktop\projects\flatengine\flateditor\x64\debug\flateditorapp.obj
c:\users\halim\desktop\projects\flatengine\flateditor\x64\debug\editorlayer.obj
c:\users\halim\desktop\projects\flatengine\x64\debug\flateditor.exe
c:\users\halim\desktop\projects\flatengine\flateditor\x64\debug\flateditor.ilk
c:\users\halim\desktop\projects\flatengine\x64\debug\flateditor.pdb
c:\users\halim\desktop\projects\flatengine\flateditor\x64\debug\flateditor.tlog\cl.command.1.tlog
c:\users\halim\desktop\projects\flatengine\flateditor\x64\debug\flateditor.tlog\cl.read.1.tlog
c:\users\halim\desktop\projects\flatengine\flateditor\x64\debug\flateditor.tlog\cl.write.1.tlog
c:\users\halim\desktop\projects\flatengine\flateditor\x64\debug\flateditor.tlog\link.command.1.tlog
c:\users\halim\desktop\projects\flatengine\flateditor\x64\debug\flateditor.tlog\link.read.1.tlog
c:\users\halim\desktop\projects\flatengine\flateditor\x64\debug\flateditor.tlog\link.write.1.tlog
